


ARM Macro Assembler    Page 1 


    1 00000000         ;*******************************************************
                       ***********************
    2 00000000         ;
    3 00000000         ;  Copyright (C), 2012, QUINTIC Co., Ltd.
    4 00000000         ;
    5 00000000         ;*******************************************************
                       ***********************
    6 00000000         ; * @file     startup.s
    7 00000000         ; * @brief    CMSIS Cortex-M0 Core Device Startup File f
                       or
    8 00000000         ; *           Device QN9020
    9 00000000         ; * @version  V3.01
   10 00000000         ; * @date     06. March 2012
   11 00000000         ; *
   12 00000000         ; * @note
   13 00000000         ; * Copyright (C) 2012 ARM Limited. All rights reserved.
                       
   14 00000000         ; *
   15 00000000         ; * @par
   16 00000000         ; * ARM Limited (ARM) is supplying this software for use
                        with Cortex-M
   17 00000000         ; * processor based microcontrollers.  This file can be 
                       freely distributed
   18 00000000         ; * within development tools that are supporting such AR
                       M based processors.
   19 00000000         ; *
   20 00000000         ; * @par
   21 00000000         ; * THIS SOFTWARE IS PROVIDED "AS IS".  NO WARRANTIES, W
                       HETHER EXPRESS, IMPLIED
   22 00000000         ; * OR STATUTORY, INCLUDING, BUT NOT LIMITED TO, IMPLIED
                        WARRANTIES OF
   23 00000000         ; * MERCHANTABILITY AND FITNESS FOR A PARTICULAR PURPOSE
                        APPLY TO THIS SOFTWARE.
   24 00000000         ; * ARM SHALL NOT, IN ANY CIRCUMSTANCES, BE LIABLE FOR S
                       PECIAL, INCIDENTAL, OR
   25 00000000         ; * CONSEQUENTIAL DAMAGES, FOR ANY REASON WHATSOEVER.
   26 00000000         ; *
   27 00000000         ; ******************************************************
                       ************************/
   28 00000000         ;/*
   29 00000000         ;//-------- <<< Use Configuration Wizard in Context Menu
                        >>> ------------------
   30 00000000         ;*/
   31 00000000         
   32 00000000 40000080 
                       SYS_MODE_REG
                               EQU              0x40000080
   33 00000000 40000000 
                       REMAP_BIT
                               EQU              0x40000000
   34 00000000         
   35 00000000 0100035F 
                       _ADC_IRQHandler
                               EQU              0x0100035f
   36 00000000 010005E5 
                       _COMPARATOR0_IRQHandler
                               EQU              0x010005e5
   37 00000000 010005F1 
                       _COMPARATOR1_IRQHandler



ARM Macro Assembler    Page 2 


                               EQU              0x010005f1
   38 00000000 010006D5 
                       _CALIB_IRQHandler
                               EQU              0x010006d5
   39 00000000 01000B91 
                       _DMA_IRQHandler
                               EQU              0x01000b91
   40 00000000 01000C85 
                       _GPIO_IRQHandler
                               EQU              0x01000c85
   41 00000000 01000DED 
                       _I2C_IRQHandler
                               EQU              0x01000ded
   42 00000000 01001099 
                       _PWM0_IRQHandler
                               EQU              0x01001099
   43 00000000 0100133F 
                       _RTC_IRQHandler
                               EQU              0x0100133f
   44 00000000 01001359 
                       _RTC_CAP_IRQHandler
                               EQU              0x01001359
   45 00000000 010016C3 
                       _SPI0_TX_IRQHandler
                               EQU              0x010016c3
   46 00000000 01001709 
                       _SPI0_RX_IRQHandler
                               EQU              0x01001709
   47 00000000 010018E5 
                       _TIMER0_IRQHandler
                               EQU              0x010018e5
   48 00000000 01001923 
                       _TIMER1_IRQHandler
                               EQU              0x01001923
   49 00000000 01001961 
                       _TIMER2_IRQHandler
                               EQU              0x01001961
   50 00000000 0100199F 
                       _TIMER3_IRQHandler
                               EQU              0x0100199f
   51 00000000 01001BE9 
                       _UART0_TX_IRQHandler
                               EQU              0x01001be9
   52 00000000 01001C23 
                       _UART0_RX_IRQHandler
                               EQU              0x01001c23
   53 00000000 01001EE7 
                       _WDT_IRQHandler
                               EQU              0x01001ee7
   54 00000000         
   55 00000000         ; <h> Stack Configuration
   56 00000000         ;   <o> Stack Size (in Bytes) <0x0-0xFFFFFFFF:8>
   57 00000000         ; </h>
   58 00000000         
   59 00000000 00000200 
                       Stack_Size
                               EQU              0x00000200
   60 00000000         
   61 00000000                 AREA             STACK, NOINIT, READWRITE, ALIGN



ARM Macro Assembler    Page 3 


=3
   62 00000000         Stack_Mem
                               SPACE            Stack_Size
   63 00000200         __initial_sp
   64 00000200         
   65 00000200         
   66 00000200         ; <h> Heap Configuration
   67 00000200         ;   <o>  Heap Size (in Bytes) <0x0-0xFFFFFFFF:8>
   68 00000200         ; </h>
   69 00000200         
   70 00000200 00000000 
                       Heap_Size
                               EQU              0x00000000
   71 00000200         
   72 00000200                 AREA             HEAP, NOINIT, READWRITE, ALIGN=
3
   73 00000000         __heap_base
   74 00000000         Heap_Mem
                               SPACE            Heap_Size
   75 00000000         __heap_limit
   76 00000000         
   77 00000000         
   78 00000000                 PRESERVE8
   79 00000000                 THUMB
   80 00000000         
   81 00000000         
   82 00000000         ; Vector Table Mapped to Address 0 at Reset
   83 00000000         
   84 00000000                 AREA             RESET, DATA, READONLY
   85 00000000                 EXPORT           __Vectors
   86 00000000                 EXPORT           __Vectors_End
   87 00000000                 EXPORT           __Vectors_Size
   88 00000000         
   89 00000000 00000000 
                       __Vectors
                               DCD              __initial_sp ; Top of Stack
   90 00000004 00000000        DCD              Reset_Handler ; Reset Handler
   91 00000008 00000000        DCD              NMI_Handler ; NMI Handler
   92 0000000C 00000000        DCD              HardFault_Handler ; Hard Fault 
                                                            Handler
   93 00000010 00000000        DCD              MemManage_Handler 
                                                            ; MPU Fault Handler
                                                            
   94 00000014 00000000        DCD              BusFault_Handler 
                                                            ; Bus Fault Handler
                                                            
   95 00000018 00000000        DCD              UsageFault_Handler ; Usage Faul
                                                            t Handler
   96 0000001C 00000000        DCD              0           ; Reserved
   97 00000020 00000000        DCD              0           ; Reserved
   98 00000024 00000000        DCD              0           ; Reserved
   99 00000028 00000000        DCD              0           ; Reserved
  100 0000002C 00000000        DCD              SVC_Handler ; SVCall Handler
  101 00000030 00000000        DCD              DebugMon_Handler ; Debug Monito
                                                            r Handler
  102 00000034 00000000        DCD              0           ; Reserved
  103 00000038 00000000        DCD              PendSV_Handler ; PendSV Handler
                                                            
  104 0000003C 00000000        DCD              SysTick_Handler 



ARM Macro Assembler    Page 4 


                                                            ; SysTick Handler
  105 00000040         
  106 00000040         ; External Interrupts
  107 00000040         ; ToDo:  Add here the vectors for the device specific ex
                       ternal interrupts handler
  108 00000040                 IF               :DEF:__ROM_DRIVER
  142 00000040 00000000        DCD              GPIO_IRQHandler 
                                                            ;  0:  GPIO Event
  143 00000044 00000000        DCD              COMPARATOR0_IRQHandler 
                                                            ;  1:  Comparator0
  144 00000048 00000000        DCD              COMPARATOR1_IRQHandler 
                                                            ;  2:  Comparator1
  145 0000004C 00000000        DCD              BLE_IRQHandler ;  3:  BLE
  146 00000050 00000000        DCD              RTC_CAP_IRQHandler 
                                                            ;  4:  RTC capture
  147 00000054 00000000        DCD              OSC_EN_IRQHandler ;  5:  BLE IP
                                                             OSC_EN output
  148 00000058 00000000        DCD              RTC_IRQHandler ;  6:  RTC
  149 0000005C 00000000        DCD              ADC_IRQHandler ;  7:  ADC
  150 00000060 00000000        DCD              DMA_IRQHandler ;  8:  DMA
  151 00000064 00000000        DCD              0           ;  9:  Reserved
  152 00000068 00000000        DCD              UART0_TX_IRQHandler 
                                                            ; 10:  UART0 TX
  153 0000006C 00000000        DCD              UART0_RX_IRQHandler 
                                                            ; 11:  UART0 RX
  154 00000070 00000000        DCD              SPI0_TX_IRQHandler 
                                                            ; 12:  SPI0 TX
  155 00000074 00000000        DCD              SPI0_RX_IRQHandler 
                                                            ; 13:  SPI0 RX
  156 00000078 00000000        DCD              UART1_TX_IRQHandler 
                                                            ; 14:  UART1 TX
  157 0000007C 00000000        DCD              UART1_RX_IRQHandler 
                                                            ; 15:  UART1 RX
  158 00000080 00000000        DCD              SPI1_TX_IRQHandler 
                                                            ; 16:  SPI1 TX
  159 00000084 00000000        DCD              SPI1_RX_IRQHandler 
                                                            ; 17:  SPI1 RX
  160 00000088 00000000        DCD              I2C_IRQHandler ; 18:  I2C
  161 0000008C 00000000        DCD              TIMER0_IRQHandler 
                                                            ; 19:  Timer 0
  162 00000090 00000000        DCD              TIMER1_IRQHandler 
                                                            ; 20:  Timer 1
  163 00000094 00000000        DCD              TIMER2_IRQHandler 
                                                            ; 21:  Timer 2
  164 00000098 00000000        DCD              TIMER3_IRQHandler 
                                                            ; 22:  Timer 3
  165 0000009C 00000000        DCD              WDT_IRQHandler ; 23:  Watch Dog
                                                            
  166 000000A0 00000000        DCD              PWM0_IRQHandler ; 24:  PWM CH0
  167 000000A4 00000000        DCD              PWM1_IRQHandler ; 25:  PWM CH1
  168 000000A8 00000000        DCD              CALIB_IRQHandler 
                                                            ; 26:  Calibration
  169 000000AC 00000000        DCD              0           ; 27:  Reserved
  170 000000B0 00000000        DCD              0           ; 28:  Reserved
  171 000000B4 00000000        DCD              TUNER_RX_IRQHandler ; 29:  RF R
                                                            X Setting
  172 000000B8 00000000        DCD              TUNER_TX_IRQHandler ; 30:  RF T
                                                            X Setting
  173 000000BC 00000000        DCD              TUNER_SETTING_IRQHandler 



ARM Macro Assembler    Page 5 


                                                            ; 31:  RF Setting
  174 000000C0                 ENDIF
  175 000000C0         __Vectors_End
  176 000000C0         
  177 000000C0 000000C0 
                       __Vectors_Size
                               EQU              __Vectors_End - __Vectors
  178 000000C0         
  179 000000C0                 AREA             |.text|, CODE, READONLY
  180 00000000         
  181 00000000         
  182 00000000         ; Reset Handler
  183 00000000         
  184 00000000         Reset_Handler
                               PROC
  185 00000000                 EXPORT           Reset_Handler             [WEAK
]
  186 00000000 4908            LDR              R1,=SYS_MODE_REG
  187 00000002 6808            LDR              R0,[R1]
  188 00000004 4A08            LDR              R2,=REMAP_BIT
  189 00000006 4310            ORRS             R0,R0,R2
  190 00000008 6008            STR              R0,[R1]
  191 0000000A         
  192 0000000A                 IMPORT           __main
  193 0000000A 4808            LDR              R0, = __main
  194 0000000C 4700            BX               R0
  195 0000000E                 ENDP
  196 0000000E         
  197 0000000E         ; Dummy Exception Handlers (infinite loops which can be 
                       modified)
  198 0000000E         
  199 0000000E         NMI_Handler
                               PROC
  200 0000000E                 EXPORT           NMI_Handler               [WEAK
]
  201 0000000E E7FE            B                .
  202 00000010                 ENDP
  204 00000010         HardFault_Handler
                               PROC
  205 00000010                 EXPORT           HardFault_Handler         [WEAK
]
  206 00000010 E7FE            B                .
  207 00000012                 ENDP
  209 00000012         MemManage_Handler
                               PROC
  210 00000012                 EXPORT           MemManage_Handler         [WEAK
]
  211 00000012 E7FE            B                .
  212 00000014                 ENDP
  214 00000014         BusFault_Handler
                               PROC
  215 00000014                 EXPORT           BusFault_Handler          [WEAK
]
  216 00000014 E7FE            B                .
  217 00000016                 ENDP
  219 00000016         UsageFault_Handler
                               PROC
  220 00000016                 EXPORT           UsageFault_Handler        [WEAK
]



ARM Macro Assembler    Page 6 


  221 00000016 E7FE            B                .
  222 00000018                 ENDP
  223 00000018         SVC_Handler
                               PROC
  224 00000018                 EXPORT           SVC_Handler               [WEAK
]
  225 00000018 E7FE            B                .
  226 0000001A                 ENDP
  228 0000001A         DebugMon_Handler
                               PROC
  229 0000001A                 EXPORT           DebugMon_Handler          [WEAK
]
  230 0000001A E7FE            B                .
  231 0000001C                 ENDP
  233 0000001C         PendSV_Handler
                               PROC
  234 0000001C                 EXPORT           PendSV_Handler            [WEAK
]
  235 0000001C E7FE            B                .
  236 0000001E                 ENDP
  238 0000001E         SysTick_Handler
                               PROC
  239 0000001E                 EXPORT           SysTick_Handler           [WEAK
]
  240 0000001E E7FE            B                .
  241 00000020                 ENDP
  242 00000020         
  243 00000020         Default_Handler
                               PROC
  244 00000020         ; ToDo:  Add here the export definition for the device s
                       pecific external interrupts handler
  245 00000020                 EXPORT           GPIO_IRQHandler           [WEAK
]
  246 00000020                 EXPORT           COMPARATOR0_IRQHandler    [WEAK
]
  247 00000020                 EXPORT           COMPARATOR1_IRQHandler    [WEAK
]
  248 00000020                 EXPORT           BLE_IRQHandler            [WEAK
]
  249 00000020                 EXPORT           RTC_CAP_IRQHandler        [WEAK
]
  250 00000020                 EXPORT           OSC_EN_IRQHandler         [WEAK
]
  251 00000020                 EXPORT           RTC_IRQHandler            [WEAK
]
  252 00000020                 EXPORT           ADC_IRQHandler            [WEAK
]
  253 00000020                 EXPORT           DMA_IRQHandler            [WEAK
]
  254 00000020                 EXPORT           UART0_TX_IRQHandler       [WEAK
]
  255 00000020                 EXPORT           UART0_RX_IRQHandler       [WEAK
]
  256 00000020                 EXPORT           SPI0_TX_IRQHandler        [WEAK
]
  257 00000020                 EXPORT           SPI0_RX_IRQHandler        [WEAK
]
  258 00000020                 EXPORT           UART1_TX_IRQHandler       [WEAK
]



ARM Macro Assembler    Page 7 


  259 00000020                 EXPORT           UART1_RX_IRQHandler       [WEAK
]
  260 00000020                 EXPORT           SPI1_TX_IRQHandler        [WEAK
]
  261 00000020                 EXPORT           SPI1_RX_IRQHandler        [WEAK
]
  262 00000020                 EXPORT           I2C_IRQHandler            [WEAK
]
  263 00000020                 EXPORT           TIMER0_IRQHandler         [WEAK
]
  264 00000020                 EXPORT           TIMER1_IRQHandler         [WEAK
]
  265 00000020                 EXPORT           TIMER2_IRQHandler         [WEAK
]
  266 00000020                 EXPORT           TIMER3_IRQHandler         [WEAK
]
  267 00000020                 EXPORT           WDT_IRQHandler            [WEAK
]
  268 00000020                 EXPORT           PWM0_IRQHandler           [WEAK
]
  269 00000020                 EXPORT           PWM1_IRQHandler           [WEAK
]
  270 00000020                 EXPORT           CALIB_IRQHandler          [WEAK
]
  271 00000020                 EXPORT           TUNER_RX_IRQHandler       [WEAK
]
  272 00000020                 EXPORT           TUNER_TX_IRQHandler       [WEAK
]
  273 00000020                 EXPORT           TUNER_SETTING_IRQHandler  [WEAK
]
  274 00000020         
  275 00000020         ; ToDo:  Add here the names for the device specific exte
                       rnal interrupts handler
  276 00000020         GPIO_IRQHandler
  277 00000020         COMPARATOR0_IRQHandler
  278 00000020         COMPARATOR1_IRQHandler
  279 00000020         BLE_IRQHandler
  280 00000020         RTC_CAP_IRQHandler
  281 00000020         OSC_EN_IRQHandler
  282 00000020         RTC_IRQHandler
  283 00000020         ADC_IRQHandler
  284 00000020         DMA_IRQHandler
  285 00000020         UART0_TX_IRQHandler
  286 00000020         UART0_RX_IRQHandler
  287 00000020         SPI0_TX_IRQHandler
  288 00000020         SPI0_RX_IRQHandler
  289 00000020         UART1_TX_IRQHandler
  290 00000020         UART1_RX_IRQHandler
  291 00000020         SPI1_TX_IRQHandler
  292 00000020         SPI1_RX_IRQHandler
  293 00000020         I2C_IRQHandler
  294 00000020         TIMER0_IRQHandler
  295 00000020         TIMER1_IRQHandler
  296 00000020         TIMER2_IRQHandler
  297 00000020         TIMER3_IRQHandler
  298 00000020         WDT_IRQHandler
  299 00000020         PWM0_IRQHandler
  300 00000020         PWM1_IRQHandler
  301 00000020         CALIB_IRQHandler



ARM Macro Assembler    Page 8 


  302 00000020         TUNER_RX_IRQHandler
  303 00000020         TUNER_TX_IRQHandler
  304 00000020         TUNER_SETTING_IRQHandler
  305 00000020         
  306 00000020 E7FE            B                .
  307 00000022                 ENDP
  308 00000022         
  309 00000022         
  310 00000022 00 00           ALIGN
  311 00000024         
  312 00000024         
  313 00000024         ; User Initial Stack & Heap
  314 00000024         
  315 00000024                 IF               :DEF:__MICROLIB
  316 00000024         
  317 00000024                 EXPORT           __initial_sp
  318 00000024                 EXPORT           __heap_base
  319 00000024                 EXPORT           __heap_limit
  320 00000024         
  321 00000024                 ELSE
  336                          ENDIF
  337 00000024         
  338 00000024         
  339 00000024                 END
              40000080 
              40000000 
              00000000 
Command Line: --debug --xref --cpu=Cortex-M0 --apcs=interwork --depend=.\obj\st
artup.d -o.\obj\startup.o -IC:\Keil_v5\ARM\RV31\INC -IC:\Keil_v5\ARM\PACK\ARM\C
MSIS\4.1.0\CMSIS\Include -IC:\Keil_v5\ARM\Inc\Quintic\QN9020 --predefine="__EVA
L SETA 1" --predefine="__MICROLIB SETA 1" --list=.\startup.lst ..\..\src\startu
p\keil\startup.s



ARM Macro Assembler    Page 1 Alphabetic symbol ordering
Relocatable symbols

STACK 00000000

Symbol: STACK
   Definitions
      At line 61 in file ..\..\src\startup\keil\startup.s
   Uses
      None
Comment: STACK unused
Stack_Mem 00000000

Symbol: Stack_Mem
   Definitions
      At line 62 in file ..\..\src\startup\keil\startup.s
   Uses
      None
Comment: Stack_Mem unused
__initial_sp 00000200

Symbol: __initial_sp
   Definitions
      At line 63 in file ..\..\src\startup\keil\startup.s
   Uses
      At line 89 in file ..\..\src\startup\keil\startup.s
      At line 317 in file ..\..\src\startup\keil\startup.s

3 symbols



ARM Macro Assembler    Page 1 Alphabetic symbol ordering
Relocatable symbols

HEAP 00000000

Symbol: HEAP
   Definitions
      At line 72 in file ..\..\src\startup\keil\startup.s
   Uses
      None
Comment: HEAP unused
Heap_Mem 00000000

Symbol: Heap_Mem
   Definitions
      At line 74 in file ..\..\src\startup\keil\startup.s
   Uses
      None
Comment: Heap_Mem unused
__heap_base 00000000

Symbol: __heap_base
   Definitions
      At line 73 in file ..\..\src\startup\keil\startup.s
   Uses
      At line 318 in file ..\..\src\startup\keil\startup.s
Comment: __heap_base used once
__heap_limit 00000000

Symbol: __heap_limit
   Definitions
      At line 75 in file ..\..\src\startup\keil\startup.s
   Uses
      At line 319 in file ..\..\src\startup\keil\startup.s
Comment: __heap_limit used once
4 symbols



ARM Macro Assembler    Page 1 Alphabetic symbol ordering
Relocatable symbols

RESET 00000000

Symbol: RESET
   Definitions
      At line 84 in file ..\..\src\startup\keil\startup.s
   Uses
      None
Comment: RESET unused
__Vectors 00000000

Symbol: __Vectors
   Definitions
      At line 89 in file ..\..\src\startup\keil\startup.s
   Uses
      At line 85 in file ..\..\src\startup\keil\startup.s
      At line 177 in file ..\..\src\startup\keil\startup.s

__Vectors_End 000000C0

Symbol: __Vectors_End
   Definitions
      At line 175 in file ..\..\src\startup\keil\startup.s
   Uses
      At line 86 in file ..\..\src\startup\keil\startup.s
      At line 177 in file ..\..\src\startup\keil\startup.s

3 symbols



ARM Macro Assembler    Page 1 Alphabetic symbol ordering
Relocatable symbols

.text 00000000

Symbol: .text
   Definitions
      At line 179 in file ..\..\src\startup\keil\startup.s
   Uses
      None
Comment: .text unused
ADC_IRQHandler 00000020

Symbol: ADC_IRQHandler
   Definitions
      At line 283 in file ..\..\src\startup\keil\startup.s
   Uses
      At line 149 in file ..\..\src\startup\keil\startup.s
      At line 252 in file ..\..\src\startup\keil\startup.s

BLE_IRQHandler 00000020

Symbol: BLE_IRQHandler
   Definitions
      At line 279 in file ..\..\src\startup\keil\startup.s
   Uses
      At line 145 in file ..\..\src\startup\keil\startup.s
      At line 248 in file ..\..\src\startup\keil\startup.s

BusFault_Handler 00000014

Symbol: BusFault_Handler
   Definitions
      At line 214 in file ..\..\src\startup\keil\startup.s
   Uses
      At line 94 in file ..\..\src\startup\keil\startup.s
      At line 215 in file ..\..\src\startup\keil\startup.s

CALIB_IRQHandler 00000020

Symbol: CALIB_IRQHandler
   Definitions
      At line 301 in file ..\..\src\startup\keil\startup.s
   Uses
      At line 168 in file ..\..\src\startup\keil\startup.s
      At line 270 in file ..\..\src\startup\keil\startup.s

COMPARATOR0_IRQHandler 00000020

Symbol: COMPARATOR0_IRQHandler
   Definitions
      At line 277 in file ..\..\src\startup\keil\startup.s
   Uses
      At line 143 in file ..\..\src\startup\keil\startup.s
      At line 246 in file ..\..\src\startup\keil\startup.s

COMPARATOR1_IRQHandler 00000020

Symbol: COMPARATOR1_IRQHandler
   Definitions
      At line 278 in file ..\..\src\startup\keil\startup.s
   Uses



ARM Macro Assembler    Page 2 Alphabetic symbol ordering
Relocatable symbols

      At line 144 in file ..\..\src\startup\keil\startup.s
      At line 247 in file ..\..\src\startup\keil\startup.s

DMA_IRQHandler 00000020

Symbol: DMA_IRQHandler
   Definitions
      At line 284 in file ..\..\src\startup\keil\startup.s
   Uses
      At line 150 in file ..\..\src\startup\keil\startup.s
      At line 253 in file ..\..\src\startup\keil\startup.s

DebugMon_Handler 0000001A

Symbol: DebugMon_Handler
   Definitions
      At line 228 in file ..\..\src\startup\keil\startup.s
   Uses
      At line 101 in file ..\..\src\startup\keil\startup.s
      At line 229 in file ..\..\src\startup\keil\startup.s

Default_Handler 00000020

Symbol: Default_Handler
   Definitions
      At line 243 in file ..\..\src\startup\keil\startup.s
   Uses
      None
Comment: Default_Handler unused
GPIO_IRQHandler 00000020

Symbol: GPIO_IRQHandler
   Definitions
      At line 276 in file ..\..\src\startup\keil\startup.s
   Uses
      At line 142 in file ..\..\src\startup\keil\startup.s
      At line 245 in file ..\..\src\startup\keil\startup.s

HardFault_Handler 00000010

Symbol: HardFault_Handler
   Definitions
      At line 204 in file ..\..\src\startup\keil\startup.s
   Uses
      At line 92 in file ..\..\src\startup\keil\startup.s
      At line 205 in file ..\..\src\startup\keil\startup.s

I2C_IRQHandler 00000020

Symbol: I2C_IRQHandler
   Definitions
      At line 293 in file ..\..\src\startup\keil\startup.s
   Uses
      At line 160 in file ..\..\src\startup\keil\startup.s
      At line 262 in file ..\..\src\startup\keil\startup.s

MemManage_Handler 00000012

Symbol: MemManage_Handler



ARM Macro Assembler    Page 3 Alphabetic symbol ordering
Relocatable symbols

   Definitions
      At line 209 in file ..\..\src\startup\keil\startup.s
   Uses
      At line 93 in file ..\..\src\startup\keil\startup.s
      At line 210 in file ..\..\src\startup\keil\startup.s

NMI_Handler 0000000E

Symbol: NMI_Handler
   Definitions
      At line 199 in file ..\..\src\startup\keil\startup.s
   Uses
      At line 91 in file ..\..\src\startup\keil\startup.s
      At line 200 in file ..\..\src\startup\keil\startup.s

OSC_EN_IRQHandler 00000020

Symbol: OSC_EN_IRQHandler
   Definitions
      At line 281 in file ..\..\src\startup\keil\startup.s
   Uses
      At line 147 in file ..\..\src\startup\keil\startup.s
      At line 250 in file ..\..\src\startup\keil\startup.s

PWM0_IRQHandler 00000020

Symbol: PWM0_IRQHandler
   Definitions
      At line 299 in file ..\..\src\startup\keil\startup.s
   Uses
      At line 166 in file ..\..\src\startup\keil\startup.s
      At line 268 in file ..\..\src\startup\keil\startup.s

PWM1_IRQHandler 00000020

Symbol: PWM1_IRQHandler
   Definitions
      At line 300 in file ..\..\src\startup\keil\startup.s
   Uses
      At line 167 in file ..\..\src\startup\keil\startup.s
      At line 269 in file ..\..\src\startup\keil\startup.s

PendSV_Handler 0000001C

Symbol: PendSV_Handler
   Definitions
      At line 233 in file ..\..\src\startup\keil\startup.s
   Uses
      At line 103 in file ..\..\src\startup\keil\startup.s
      At line 234 in file ..\..\src\startup\keil\startup.s

RTC_CAP_IRQHandler 00000020

Symbol: RTC_CAP_IRQHandler
   Definitions
      At line 280 in file ..\..\src\startup\keil\startup.s
   Uses
      At line 146 in file ..\..\src\startup\keil\startup.s
      At line 249 in file ..\..\src\startup\keil\startup.s



ARM Macro Assembler    Page 4 Alphabetic symbol ordering
Relocatable symbols


RTC_IRQHandler 00000020

Symbol: RTC_IRQHandler
   Definitions
      At line 282 in file ..\..\src\startup\keil\startup.s
   Uses
      At line 148 in file ..\..\src\startup\keil\startup.s
      At line 251 in file ..\..\src\startup\keil\startup.s

Reset_Handler 00000000

Symbol: Reset_Handler
   Definitions
      At line 184 in file ..\..\src\startup\keil\startup.s
   Uses
      At line 90 in file ..\..\src\startup\keil\startup.s
      At line 185 in file ..\..\src\startup\keil\startup.s

SPI0_RX_IRQHandler 00000020

Symbol: SPI0_RX_IRQHandler
   Definitions
      At line 288 in file ..\..\src\startup\keil\startup.s
   Uses
      At line 155 in file ..\..\src\startup\keil\startup.s
      At line 257 in file ..\..\src\startup\keil\startup.s

SPI0_TX_IRQHandler 00000020

Symbol: SPI0_TX_IRQHandler
   Definitions
      At line 287 in file ..\..\src\startup\keil\startup.s
   Uses
      At line 154 in file ..\..\src\startup\keil\startup.s
      At line 256 in file ..\..\src\startup\keil\startup.s

SPI1_RX_IRQHandler 00000020

Symbol: SPI1_RX_IRQHandler
   Definitions
      At line 292 in file ..\..\src\startup\keil\startup.s
   Uses
      At line 159 in file ..\..\src\startup\keil\startup.s
      At line 261 in file ..\..\src\startup\keil\startup.s

SPI1_TX_IRQHandler 00000020

Symbol: SPI1_TX_IRQHandler
   Definitions
      At line 291 in file ..\..\src\startup\keil\startup.s
   Uses
      At line 158 in file ..\..\src\startup\keil\startup.s
      At line 260 in file ..\..\src\startup\keil\startup.s

SVC_Handler 00000018

Symbol: SVC_Handler
   Definitions



ARM Macro Assembler    Page 5 Alphabetic symbol ordering
Relocatable symbols

      At line 223 in file ..\..\src\startup\keil\startup.s
   Uses
      At line 100 in file ..\..\src\startup\keil\startup.s
      At line 224 in file ..\..\src\startup\keil\startup.s

SysTick_Handler 0000001E

Symbol: SysTick_Handler
   Definitions
      At line 238 in file ..\..\src\startup\keil\startup.s
   Uses
      At line 104 in file ..\..\src\startup\keil\startup.s
      At line 239 in file ..\..\src\startup\keil\startup.s

TIMER0_IRQHandler 00000020

Symbol: TIMER0_IRQHandler
   Definitions
      At line 294 in file ..\..\src\startup\keil\startup.s
   Uses
      At line 161 in file ..\..\src\startup\keil\startup.s
      At line 263 in file ..\..\src\startup\keil\startup.s

TIMER1_IRQHandler 00000020

Symbol: TIMER1_IRQHandler
   Definitions
      At line 295 in file ..\..\src\startup\keil\startup.s
   Uses
      At line 162 in file ..\..\src\startup\keil\startup.s
      At line 264 in file ..\..\src\startup\keil\startup.s

TIMER2_IRQHandler 00000020

Symbol: TIMER2_IRQHandler
   Definitions
      At line 296 in file ..\..\src\startup\keil\startup.s
   Uses
      At line 163 in file ..\..\src\startup\keil\startup.s
      At line 265 in file ..\..\src\startup\keil\startup.s

TIMER3_IRQHandler 00000020

Symbol: TIMER3_IRQHandler
   Definitions
      At line 297 in file ..\..\src\startup\keil\startup.s
   Uses
      At line 164 in file ..\..\src\startup\keil\startup.s
      At line 266 in file ..\..\src\startup\keil\startup.s

TUNER_RX_IRQHandler 00000020

Symbol: TUNER_RX_IRQHandler
   Definitions
      At line 302 in file ..\..\src\startup\keil\startup.s
   Uses
      At line 171 in file ..\..\src\startup\keil\startup.s
      At line 271 in file ..\..\src\startup\keil\startup.s




ARM Macro Assembler    Page 6 Alphabetic symbol ordering
Relocatable symbols

TUNER_SETTING_IRQHandler 00000020

Symbol: TUNER_SETTING_IRQHandler
   Definitions
      At line 304 in file ..\..\src\startup\keil\startup.s
   Uses
      At line 173 in file ..\..\src\startup\keil\startup.s
      At line 273 in file ..\..\src\startup\keil\startup.s

TUNER_TX_IRQHandler 00000020

Symbol: TUNER_TX_IRQHandler
   Definitions
      At line 303 in file ..\..\src\startup\keil\startup.s
   Uses
      At line 172 in file ..\..\src\startup\keil\startup.s
      At line 272 in file ..\..\src\startup\keil\startup.s

UART0_RX_IRQHandler 00000020

Symbol: UART0_RX_IRQHandler
   Definitions
      At line 286 in file ..\..\src\startup\keil\startup.s
   Uses
      At line 153 in file ..\..\src\startup\keil\startup.s
      At line 255 in file ..\..\src\startup\keil\startup.s

UART0_TX_IRQHandler 00000020

Symbol: UART0_TX_IRQHandler
   Definitions
      At line 285 in file ..\..\src\startup\keil\startup.s
   Uses
      At line 152 in file ..\..\src\startup\keil\startup.s
      At line 254 in file ..\..\src\startup\keil\startup.s

UART1_RX_IRQHandler 00000020

Symbol: UART1_RX_IRQHandler
   Definitions
      At line 290 in file ..\..\src\startup\keil\startup.s
   Uses
      At line 157 in file ..\..\src\startup\keil\startup.s
      At line 259 in file ..\..\src\startup\keil\startup.s

UART1_TX_IRQHandler 00000020

Symbol: UART1_TX_IRQHandler
   Definitions
      At line 289 in file ..\..\src\startup\keil\startup.s
   Uses
      At line 156 in file ..\..\src\startup\keil\startup.s
      At line 258 in file ..\..\src\startup\keil\startup.s

UsageFault_Handler 00000016

Symbol: UsageFault_Handler
   Definitions
      At line 219 in file ..\..\src\startup\keil\startup.s



ARM Macro Assembler    Page 7 Alphabetic symbol ordering
Relocatable symbols

   Uses
      At line 95 in file ..\..\src\startup\keil\startup.s
      At line 220 in file ..\..\src\startup\keil\startup.s

WDT_IRQHandler 00000020

Symbol: WDT_IRQHandler
   Definitions
      At line 298 in file ..\..\src\startup\keil\startup.s
   Uses
      At line 165 in file ..\..\src\startup\keil\startup.s
      At line 267 in file ..\..\src\startup\keil\startup.s

41 symbols



ARM Macro Assembler    Page 1 Alphabetic symbol ordering
Absolute symbols

Heap_Size 00000000

Symbol: Heap_Size
   Definitions
      At line 70 in file ..\..\src\startup\keil\startup.s
   Uses
      At line 74 in file ..\..\src\startup\keil\startup.s
Comment: Heap_Size used once
REMAP_BIT 40000000

Symbol: REMAP_BIT
   Definitions
      At line 33 in file ..\..\src\startup\keil\startup.s
   Uses
      At line 188 in file ..\..\src\startup\keil\startup.s
Comment: REMAP_BIT used once
SYS_MODE_REG 40000080

Symbol: SYS_MODE_REG
   Definitions
      At line 32 in file ..\..\src\startup\keil\startup.s
   Uses
      At line 186 in file ..\..\src\startup\keil\startup.s
Comment: SYS_MODE_REG used once
Stack_Size 00000200

Symbol: Stack_Size
   Definitions
      At line 59 in file ..\..\src\startup\keil\startup.s
   Uses
      At line 62 in file ..\..\src\startup\keil\startup.s
Comment: Stack_Size used once
_ADC_IRQHandler 0100035F

Symbol: _ADC_IRQHandler
   Definitions
      At line 35 in file ..\..\src\startup\keil\startup.s
   Uses
      None
Comment: _ADC_IRQHandler unused
_CALIB_IRQHandler 010006D5

Symbol: _CALIB_IRQHandler
   Definitions
      At line 38 in file ..\..\src\startup\keil\startup.s
   Uses
      None
Comment: _CALIB_IRQHandler unused
_COMPARATOR0_IRQHandler 010005E5

Symbol: _COMPARATOR0_IRQHandler
   Definitions
      At line 36 in file ..\..\src\startup\keil\startup.s
   Uses
      None
Comment: _COMPARATOR0_IRQHandler unused
_COMPARATOR1_IRQHandler 010005F1

Symbol: _COMPARATOR1_IRQHandler



ARM Macro Assembler    Page 2 Alphabetic symbol ordering
Absolute symbols

   Definitions
      At line 37 in file ..\..\src\startup\keil\startup.s
   Uses
      None
Comment: _COMPARATOR1_IRQHandler unused
_DMA_IRQHandler 01000B91

Symbol: _DMA_IRQHandler
   Definitions
      At line 39 in file ..\..\src\startup\keil\startup.s
   Uses
      None
Comment: _DMA_IRQHandler unused
_GPIO_IRQHandler 01000C85

Symbol: _GPIO_IRQHandler
   Definitions
      At line 40 in file ..\..\src\startup\keil\startup.s
   Uses
      None
Comment: _GPIO_IRQHandler unused
_I2C_IRQHandler 01000DED

Symbol: _I2C_IRQHandler
   Definitions
      At line 41 in file ..\..\src\startup\keil\startup.s
   Uses
      None
Comment: _I2C_IRQHandler unused
_PWM0_IRQHandler 01001099

Symbol: _PWM0_IRQHandler
   Definitions
      At line 42 in file ..\..\src\startup\keil\startup.s
   Uses
      None
Comment: _PWM0_IRQHandler unused
_RTC_CAP_IRQHandler 01001359

Symbol: _RTC_CAP_IRQHandler
   Definitions
      At line 44 in file ..\..\src\startup\keil\startup.s
   Uses
      None
Comment: _RTC_CAP_IRQHandler unused
_RTC_IRQHandler 0100133F

Symbol: _RTC_IRQHandler
   Definitions
      At line 43 in file ..\..\src\startup\keil\startup.s
   Uses
      None
Comment: _RTC_IRQHandler unused
_SPI0_RX_IRQHandler 01001709

Symbol: _SPI0_RX_IRQHandler
   Definitions
      At line 46 in file ..\..\src\startup\keil\startup.s
   Uses



ARM Macro Assembler    Page 3 Alphabetic symbol ordering
Absolute symbols

      None
Comment: _SPI0_RX_IRQHandler unused
_SPI0_TX_IRQHandler 010016C3

Symbol: _SPI0_TX_IRQHandler
   Definitions
      At line 45 in file ..\..\src\startup\keil\startup.s
   Uses
      None
Comment: _SPI0_TX_IRQHandler unused
_TIMER0_IRQHandler 010018E5

Symbol: _TIMER0_IRQHandler
   Definitions
      At line 47 in file ..\..\src\startup\keil\startup.s
   Uses
      None
Comment: _TIMER0_IRQHandler unused
_TIMER1_IRQHandler 01001923

Symbol: _TIMER1_IRQHandler
   Definitions
      At line 48 in file ..\..\src\startup\keil\startup.s
   Uses
      None
Comment: _TIMER1_IRQHandler unused
_TIMER2_IRQHandler 01001961

Symbol: _TIMER2_IRQHandler
   Definitions
      At line 49 in file ..\..\src\startup\keil\startup.s
   Uses
      None
Comment: _TIMER2_IRQHandler unused
_TIMER3_IRQHandler 0100199F

Symbol: _TIMER3_IRQHandler
   Definitions
      At line 50 in file ..\..\src\startup\keil\startup.s
   Uses
      None
Comment: _TIMER3_IRQHandler unused
_UART0_RX_IRQHandler 01001C23

Symbol: _UART0_RX_IRQHandler
   Definitions
      At line 52 in file ..\..\src\startup\keil\startup.s
   Uses
      None
Comment: _UART0_RX_IRQHandler unused
_UART0_TX_IRQHandler 01001BE9

Symbol: _UART0_TX_IRQHandler
   Definitions
      At line 51 in file ..\..\src\startup\keil\startup.s
   Uses
      None
Comment: _UART0_TX_IRQHandler unused
_WDT_IRQHandler 01001EE7



ARM Macro Assembler    Page 4 Alphabetic symbol ordering
Absolute symbols


Symbol: _WDT_IRQHandler
   Definitions
      At line 53 in file ..\..\src\startup\keil\startup.s
   Uses
      None
Comment: _WDT_IRQHandler unused
__Vectors_Size 000000C0

Symbol: __Vectors_Size
   Definitions
      At line 177 in file ..\..\src\startup\keil\startup.s
   Uses
      At line 87 in file ..\..\src\startup\keil\startup.s
Comment: __Vectors_Size used once
24 symbols



ARM Macro Assembler    Page 1 Alphabetic symbol ordering
External symbols

__main 00000000

Symbol: __main
   Definitions
      At line 192 in file ..\..\src\startup\keil\startup.s
   Uses
      At line 193 in file ..\..\src\startup\keil\startup.s
Comment: __main used once
1 symbol
412 symbols in table
